%!Adobe-FontList 1.14
%Locale:0x412

%BeginFont
Handler:DirectoryHandler
FontType:Invalid
OutlineFileName:D:\김지선\포트폴리오\푸마\Font\NanumGothic.eot
FileModTime:1508897774
%EndFont

%BeginFont
Handler:DirectoryHandler
FontType:TrueType
FontName:NanumGothic
FamilyName:NanumGothic
StyleName:Regular
FullName:NanumGothic
MenuName:나눔고딕
StyleBits:0
FamilyNameNative:나눔고딕
StyleNameNative:Regular
FullNameNative:나눔고딕
WritingScript:Korean
OutlineFileName:D:\김지선\포트폴리오\푸마\Font\NanumGothic.ttf
DataFormat:sfntData
FileLength:4343844
FileModTime:1508897780
WeightClass:400
WidthClass:5
AngleClass:0
%EndFont

%BeginFont
Handler:DirectoryHandler
FontType:Invalid
OutlineFileName:D:\김지선\포트폴리오\푸마\Font\NanumGothic.woff
FileModTime:1508897786
%EndFont

